0 info it worked if it ends with ok
1 verbose cli [ '/usr/bin/node', '/usr/bin/npm', 'install', '-g', 'chartjs' ]
2 info using npm@1.4.3
3 info using node@v0.10.26
4 verbose node symlink /usr/bin/node
5 verbose cache add [ 'chartjs', null ]
6 verbose cache add name=undefined spec="chartjs" args=["chartjs",null]
7 verbose parsed url { protocol: null,
7 verbose parsed url   slashes: null,
7 verbose parsed url   auth: null,
7 verbose parsed url   host: null,
7 verbose parsed url   port: null,
7 verbose parsed url   hostname: null,
7 verbose parsed url   hash: null,
7 verbose parsed url   search: null,
7 verbose parsed url   query: null,
7 verbose parsed url   pathname: 'chartjs',
7 verbose parsed url   path: 'chartjs',
7 verbose parsed url   href: 'chartjs' }
8 silly lockFile 72724107-chartjs chartjs
9 verbose lock chartjs /home/nci/.npm/72724107-chartjs.lock
10 silly lockFile 72724107-chartjs chartjs
11 silly lockFile 72724107-chartjs chartjs
12 verbose addNamed [ 'chartjs', '' ]
13 verbose addNamed [ null, '*' ]
14 silly lockFile 91685b43-chartjs chartjs@
15 verbose lock chartjs@ /home/nci/.npm/91685b43-chartjs.lock
16 silly addNameRange { name: 'chartjs', range: '*', hasData: false }
17 verbose url raw chartjs
18 verbose url resolving [ 'https://registry.npmjs.org/', './chartjs' ]
19 verbose url resolved https://registry.npmjs.org/chartjs
20 info trying registry request attempt 1 at 14:32:46
21 http GET https://registry.npmjs.org/chartjs
22 http 404 https://registry.npmjs.org/chartjs
23 silly registry.get cb [ 404,
23 silly registry.get   { date: 'Sat, 05 Apr 2014 13:32:52 GMT',
23 silly registry.get     server: 'CouchDB/1.5.0 (Erlang OTP/R16B)',
23 silly registry.get     'content-type': 'application/json',
23 silly registry.get     via: '1.1 varnish',
23 silly registry.get     'cache-control': 'max-age=0',
23 silly registry.get     'content-length': '52',
23 silly registry.get     'accept-ranges': 'bytes',
23 silly registry.get     age: '0',
23 silly registry.get     'x-served-by': 'cache-v44-ASH, cache-am69-AMS',
23 silly registry.get     'x-cache': 'MISS, MISS',
23 silly registry.get     'x-cache-hits': '0, 0',
23 silly registry.get     'x-timer': 'S1396704772.644591331,VS0,VS31,VE78,VE135',
23 silly registry.get     'keep-alive': 'timeout=10, max=50',
23 silly registry.get     connection: 'Keep-Alive' } ]
24 silly lockFile 91685b43-chartjs chartjs@
25 silly lockFile 91685b43-chartjs chartjs@
26 error 404 'chartjs' is not in the npm registry.
26 error 404 You should bug the author to publish it
26 error 404
26 error 404 Note that you can also install from a
26 error 404 tarball, folder, or http url, or git url.
27 error System Linux 3.2.0-23-generic-pae
28 error command "/usr/bin/node" "/usr/bin/npm" "install" "-g" "chartjs"
29 error cwd /home/nci/websites/ARIA/aria_test_karen
30 error node -v v0.10.26
31 error npm -v 1.4.3
32 error code E404
33 verbose exit [ 1, true ]
